build/app/outputs/mapping/release/mapping.txt
# compiler: R8
# compiler_version: 1.5.64
# min_api: 16
# pg_map_id: 7ec0c81
...
com.google.protobuf.GeneratedMessageLite$EqualsVisitor$NotEqualsException -> b.a.g.m$d$a:
com.google.protobuf.GeneratedMessageLite$ExtendableMessage -> b.a.g.m$e:
    com.google.protobuf.FieldSet extensions -> d
    void visit(com.google.protobuf.GeneratedMessageLite$Visitor,com.google.protobuf.GeneratedMessageLite$ExtendableMessage) -> a
    void visit(com.google.protobuf.GeneratedMessageLite$Visitor,com.google.protobuf.GeneratedMessageLite) -> a
    com.google.protobuf.MessageLite getDefaultInstanceForType() -> b
    com.google.protobuf.MessageLite$Builder toBuilder() -> e
    void makeImmutable() -> h
com.google.protobuf.GeneratedMessageLite$ExtendableMessageOrBuilder -> b.a.g.m$f:
com.google.protobuf.GeneratedMessageLite$ExtensionDescriptor -> b.a.g.m$g:
    com.google.protobuf.WireFormat$FieldType type -> b
    boolean isRepeated -> c
    int number -> a
    int compareTo(com.google.protobuf.GeneratedMessageLite$ExtensionDescriptor) -> a
    int getNumber() -> a
    com.google.protobuf.MessageLite$Builder internalMergeFrom(com.google.protobuf.MessageLite$Builder,com.google.protobuf.MessageLite) -> a
    boolean isRepeated() -> g
    com.google.protobuf.WireFormat$FieldType getLiteType() -> m
    com.google.protobuf.WireFormat$JavaType getLiteJavaType() -> n
com.google.protobuf.GeneratedMessageLite$HashCodeVisitor -> b.a.g.m$h:
    int hashCode -> a
    int access$100(com.google.protobuf.GeneratedMessageLite$HashCodeVisitor) -> a
    int access$102(com.google.protobuf.GeneratedMessageLite$HashCodeVisitor,int) -> a
    boolean visitBoolean(boolean,boolean,boolean,boolean) -> a
    com.google.protobuf.ByteString visitByteString(boolean,com.google.protobuf.ByteString,boolean,com.google.protobuf.ByteString) -> a
    double visitDouble(boolean,double,boolean,double) -> a
    com.google.protobuf.FieldSet visitExtensions(com.google.protobuf.FieldSet,com.google.protobuf.FieldSet) -> a
    int visitInt(boolean,int,boolean,int) -> a
    com.google.protobuf.Internal$IntList visitIntList(com.google.protobuf.Internal$IntList,com.google.protobuf.Internal$IntList) -> a
    com.google.protobuf.Internal$ProtobufList visitList(com.google.protobuf.Internal$ProtobufList,com.google.protobuf.Internal$ProtobufList) -> a
    long visitLong(boolean,long,boolean,long) -> a
    com.google.protobuf.MapFieldLite visitMap(com.google.protobuf.MapFieldLite,com.google.protobuf.MapFieldLite) -> a
    com.google.protobuf.MessageLite visitMessage(com.google.protobuf.MessageLite,com.google.protobuf.MessageLite) -> a
    void visitOneofNotSet(boolean) -> a
    java.lang.Object visitOneofString(boolean,java.lang.Object,java.lang.Object) -> a
    java.lang.String visitString(boolean,java.lang.String,boolean,java.lang.String) -> a